<?xml version="1.0" encoding="UTF-8"?>
<testsuites name="Mocha Tests" time="0" tests="1" failures="1">
  <testsuite name="Root Suite" timestamp="2021-01-27T21:39:44" tests="0" file="cypress\integration\soill-covid-tests\github.spec.js" failures="0" time="0">
  </testsuite>
  <testsuite name="Window" timestamp="2021-01-27T21:39:44" tests="1" failures="1" time="0">
    <testcase name="Window sets auth cookie when logging in via form submission" time="0" classname="sets auth cookie when logging in via form submission">
      <failure message="Timed out retrying: Expected to find element: `span.css-truncate-target`, but never found it." type="AssertionError"><![CDATA[AssertionError: Timed out retrying: Expected to find element: `span.css-truncate-target`, but never found it.
    at Context.eval (https://github.com/__cypress/tests?p=cypress\integration\soill-covid-tests\github.spec.js:112:40)]]></failure>
    </testcase>
  </testsuite>
</testsuites>